ta113003@sol.cc:/class/mce/NumAnalysis[1152] ./xmp08b -n6 < sample_6.dat 
 6
  1.000000000000e+00  1.000000000000e+00  1.000000000000e+00  1.000000000000e+00  1.000000000000e+00  1.000000000000e+00    0.000000000000e+00
  1.000000000000e+00  1.200000000000e+00  1.440000000000e+00  1.728000000000e+00  2.073600000000e+00  2.488320000000e+00    1.823215568000e-01
  1.000000000000e+00  1.400000000000e+00  1.960000000000e+00  2.744000000000e+00  3.841600000000e+00  5.378240000000e+00    3.364722366000e-01
  1.000000000000e+00  1.600000000000e+00  2.560000000000e+00  4.096000000000e+00  6.553600000000e+00  1.048576000000e+01    4.700036292000e-01
  1.000000000000e+00  1.800000000000e+00  3.240000000000e+00  5.832000000000e+00  1.049760000000e+01  1.889568000000e+01    5.877866649000e-01
  1.000000000000e+00  2.000000000000e+00  4.000000000000e+00  8.000000000000e+00  1.600000000000e+01  3.200000000000e+01    6.931471806000e-01
ta113003@sol.cc:/class/mce/NumAnalysis[1153] ./xmp08b -n6 < ../sample_6.dat | ./xmp07b 
Inputs:
  A:     1            2            3            4            5            6               B:
 1:  1.00000e+00  1.00000e+00  1.00000e+00  1.00000e+00  1.00000e+00  1.00000e+00      0.00000e+00
 2:  1.00000e+00  1.20000e+00  1.44000e+00  1.72800e+00  2.07360e+00  2.48832e+00      1.82322e-01
 3:  1.00000e+00  1.40000e+00  1.96000e+00  2.74400e+00  3.84160e+00  5.37824e+00      3.36472e-01
 4:  1.00000e+00  1.60000e+00  2.56000e+00  4.09600e+00  6.55360e+00  1.04858e+01      4.70004e-01
 5:  1.00000e+00  1.80000e+00  3.24000e+00  5.83200e+00  1.04976e+01  1.88957e+01      5.87787e-01
 6:  1.00000e+00  2.00000e+00  4.00000e+00  8.00000e+00  1.60000e+01  3.20000e+01      6.93147e-01

Results:
          X                  Inverse A
X1= -1.92920e+00       2.52000e+02 -1.05000e+03  1.80000e+03 -1.57500e+03  7.00000e+02 -1.26000e+02
X2=  3.48842e+00      -8.13500e+02  3.56458e+03 -6.32500e+03  5.67500e+03 -2.57083e+03  4.69750e+02
X3= -2.40600e+00       1.04167e+03 -4.75937e+03  8.73333e+03 -8.04792e+03  3.72500e+03 -6.92708e+02
X4=  1.09403e+00      -6.61458e+02  3.13021e+03 -5.92708e+03  5.61458e+03 -2.66146e+03  5.05208e+02
X5= -2.76813e-01       2.08333e+02 -1.01562e+03  1.97917e+03 -1.92708e+03  9.37500e+02 -1.82292e+02
X6=  2.95720e-02      -2.60417e+01  1.30208e+02 -2.60417e+02  2.60417e+02 -1.30208e+02  2.60417e+01
ta113003@sol.cc:/class/mce/NumAnalysis[1154] ./table -e'log(x)' -e'poly(x,-1.929204076,3.488418965,-2.406002063,1.094028218,-0.2768130781,0.02957203385)' -e'(b-a)/a' -x1,2,40 -p10
A: f(x) = log(x)
B: f(x) = poly(x,-1.929204076,3.488418965,-2.406002063,1.094028218,-0.2768130781,0.02957203385)
C: f(x) = (b-a)/a
x: from to steps> 1.000000 2.000000 40
               1                  0 -2.499995766e-10             -inf
           1.025      0.02469261259     0.0246763752 -0.0006575807086
            1.05      0.04879016417    0.04876719371 -0.0004708010104
           1.075      0.07232066158    0.07229716921 -0.0003248362173
             1.1       0.0953101798    0.09528987602 -0.0002130285224
           1.125       0.1177830357     0.1177677835 -0.0001294938073
            1.15       0.1397619424     0.1397522906 -6.905840883e-05
           1.175       0.1612681476     0.1612637609 -2.720152801e-05
             1.2       0.1823215568     0.1823215565 -1.582269408e-09
           1.225        0.202940844     0.2029440736  1.591403053e-05
            1.25       0.2231435513     0.2231487765   2.34161269e-05
           1.275       0.2429461786     0.2429522324  2.491819918e-05
             1.3       0.2623642645     0.2623701463  2.241841049e-05
           1.325       0.2814124594     0.2814173952  1.753935723e-05
            1.35       0.3001045925     0.3001080634  1.156580537e-05
           1.375       0.3184537311     0.3184554764  5.480583802e-06
             1.4       0.3364722366     0.3364722362 -1.202917018e-09
           1.425       0.3541718137     0.3541702555 -4.399497479e-06
            1.45       0.3715635564     0.3715607927 -7.438018946e-06
           1.475       0.3886579898     0.3886544863 -9.014282223e-06
             1.5       0.4054651081     0.4054613897 -9.170803854e-06
           1.525       0.4219944101     0.4219910057 -8.067400573e-06
            1.55       0.4382549309     0.4382523213 -5.954496277e-06
           1.575       0.4542552723     0.4542538426 -3.147361253e-06
             1.6       0.4700036292     0.4700036287 -1.214712442e-09
           1.625       0.4855078158     0.4855093271  3.112871873e-06
            1.65       0.5007752879     0.5007782081   5.83132739e-06
           1.675       0.5158131653     0.5158171993  7.820741373e-06
             1.7       0.5306282511     0.5306329205  8.799879023e-06
           1.725       0.5452270505     0.5452317182  8.561093983e-06
            1.75       0.5596157879     0.5596197003  6.991178221e-06
           1.775       0.5738004229     0.5738027707  4.091685028e-06
             1.8       0.5877866649     0.5877866642 -1.241793926e-09
           1.825        0.601579987     0.6015769806 -4.997502161e-06
            1.85       0.6151856391     0.6151792202 -1.043410942e-05
           1.875       0.6286086594     0.6285988175 -1.565666982e-05
             1.9       0.6418538862     0.6418411767 -1.980124786e-05
           1.925       0.6549259677     0.6549117057 -2.177659569e-05
            1.95       0.6678293726     0.6678158512 -2.024672617e-05
           1.975       0.6805683984     0.6805591332 -1.361381078e-05
               2       0.6931471806     0.6931471796 -1.384905827e-09
ta113003@sol.cc:/class/mce/NumAnalysis[1155] ./plot -e'poly(x,-1.929204076,3.488418965,-2.406002063,1.094028218,-0.2768130781,0.02957203385)' -e'log(x)' -x1,2,200 -y0,0.7,70
A: f(x) = poly(x,-1.929204076,3.488418965,-2.406002063,1.094028218,-0.2768130781,0.02957203385)
B: f(x) = log(x)
x: from to steps> 1.000000 2.000000 200
y: from to steps> 0.000000 0.700000 70
             1                                                                                                 1.5                                                                                                   2
       0.7 +---------------------------------------------------------------------------------------------------+---------------------------------------------------------------------------------------------------+
      0.69 |                                                                                                   |                                                                                                AAAA
      0.68 |                                                                                                   |                                                                                            AAAA   |
      0.67 |                                                                                                   |                                                                                        AAAA       |
      0.66 |                                                                                                   |                                                                                     AAA           |
      0.65 |                                                                                                   |                                                                                 AAAA              |
      0.64 |                                                                                                   |                                                                             AAAA                  |
      0.63 |                                                                                                   |                                                                         AAAA                      |
      0.62 |                                                                                                   |                                                                     AAAA                          |
      0.61 |                                                                                                   |                                                                  AAA                              |
       0.6 |                                                                                                   |                                                              AAAA                                 |
      0.59 |                                                                                                   |                                                          AAAA                                     |
      0.58 |                                                                                                   |                                                       AAA                                         |
      0.57 |                                                                                                   |                                                   AAAA                                            |
      0.56 |                                                                                                   |                                                AAA                                                |
      0.55 |                                                                                                   |                                            AAAA                                                   |
      0.54 |                                                                                                   |                                         AAA                                                       |
      0.53 |                                                                                                   |                                      AAA                                                          |
      0.52 |                                                                                                   |                                  AAAA                                                             |
      0.51 |                                                                                                   |                               AAA                                                                 |
       0.5 |                                                                                                   |                            AAA                                                                    |
      0.49 |                                                                                                   |                        AAAA                                                                       |
      0.48 |                                                                                                   |                     AAA                                                                           |
      0.47 |                                                                                                   |                  AAA                                                                              |
      0.46 |                                                                                                   |               AAA                                                                                 |
      0.45 |                                                                                                   |            AAA                                                                                    |
      0.44 |                                                                                                   |        AAAA                                                                                       |
      0.43 |                                                                                                   |     AAA                                                                                           |
      0.42 |                                                                                                   |  AAA                                                                                              |
      0.41 |                                                                                                   AAA                                                                                                 |
       0.4 |                                                                                                AAA|                                                                                                   |
      0.39 |                                                                                             AAA   |                                                                                                   |
      0.38 |                                                                                          AAA      |                                                                                                   |
      0.37 |                                                                                        AA         |                                                                                                   |
      0.36 |                                                                                     AAA           |                                                                                                   |
      0.35 +----------------------------------------------------------------------------------AAA--------------+---------------------------------------------------------------------------------------------------+
      0.34 |                                                                               AAA                 |                                                                                                   |
      0.33 |                                                                            AAA                    |                                                                                                   |
      0.32 |                                                                          AA                       |                                                                                                   |
      0.31 |                                                                       AAA                         |                                                                                                   |
       0.3 |                                                                    AAA                            |                                                                                                   |
      0.29 |                                                                 AAA                               |                                                                                                   |
      0.28 |                                                               AA                                  |                                                                                                   |
      0.27 |                                                            AAA                                    |                                                                                                   |
      0.26 |                                                          AA                                       |                                                                                                   |
      0.25 |                                                       AAA                                         |                                                                                                   |
      0.24 |                                                    AAA                                            |                                                                                                   |
      0.23 |                                                  AA                                               |                                                                                                   |
      0.22 |                                               AAA                                                 |                                                                                                   |
      0.21 |                                             AA                                                    |                                                                                                   |
       0.2 |                                           AA                                                      |                                                                                                   |
      0.19 |                                        AAA                                                        |                                                                                                   |
      0.18 |                                      AA                                                           |                                                                                                   |
      0.17 |                                   AAA                                                             |                                                                                                   |
      0.16 |                                 AA                                                                |                                                                                                   |
      0.15 |                               AA                                                                  |                                                                                                   |
      0.14 |                            AAA                                                                    |                                                                                                   |
      0.13 |                          AA                                                                       |                                                                                                   |
      0.12 |                        AA                                                                         |                                                                                                   |
      0.11 |                      AA                                                                           |                                                                                                   |
       0.1 |                   AAA                                                                             |                                                                                                   |
      0.09 |                 AA                                                                                |                                                                                                   |
      0.08 |               AA                                                                                  |                                                                                                   |
      0.07 |             AA                                                                                    |                                                                                                   |
      0.06 |           AA                                                                                      |                                                                                                   |
      0.05 |         AA                                                                                        |                                                                                                   |
      0.04 |       AA                                                                                          |                                                                                                   |
      0.03 |     AA                                                                                            |                                                                                                   |
      0.02 |   AA                                                                                              |                                                                                                   |
      0.01 | AA                                                                                                |                                                                                                   |
         0 AA--------------------------------------------------------------------------------------------------+---------------------------------------------------------------------------------------------------+
             1                                                                                                 1.5                                                                                                   2
ta113003@sol.cc:/class/mce/NumAnalysis[1156] ./plot -e'poly(x,-1.929204076,3.488418965,-2.406002063,1.094028218,-0.2768130781,0.02957203385)-log(x)' -x1,2,200 -y-3e-5,3e-5,60
A: f(x) = poly(x,-1.929204076,3.488418965,-2.406002063,1.094028218,-0.2768130781,0.02957203385)-log(x)
x: from to steps> 1.000000 2.000000 200
y: from to steps> -0.000030 0.000030 60
             1                                                                                                 1.5                                                                                                   2
     3e-05 +---------------------------------------------------------------------------------------------------+---------------------------------------------------------------------------------------------------+
   2.9e-05 |                                                                                                   |                                                                                                   |
   2.8e-05 |                                                                                                   |                                                                                                   |
   2.7e-05 |                                                                                                   |                                                                                                   |
   2.6e-05 |                                                                                                   |                                                                                                   |
   2.5e-05 |                                                                                                   |                                                                                                   |
   2.4e-05 |                                                                                                   |                                                                                                   |
   2.3e-05 |                                                                                                   |                                                                                                   |
   2.2e-05 |                                                                                                   |                                                                                                   |
   2.1e-05 |                                                                                                   |                                                                                                   |
     2e-05 |                                                                                                   |                                                                                                   |
   1.9e-05 |                                                                                                   |                                                                                                   |
   1.8e-05 |                                                                                                   |                                                                                                   |
   1.7e-05 |                                                                                                   |                                                                                                   |
   1.6e-05 |                                                                                                   |                                                                                                   |
   1.5e-05 |                                                                                                   |                                                                                                   |
   1.4e-05 |                                                                                                   |                                                                                                   |
   1.3e-05 |                                                                                                   |                                                                                                   |
   1.2e-05 |                                                                                                   |                                                                                                   |
   1.1e-05 |                                                                                                   |                                                                                                   |
     1e-05 |                                                                                                   |                                                                                                   |
     9e-06 |                                                                                                   |                                                                                                   |
     8e-06 |                                                                                                   |                                                                                                   |
     7e-06 |                                                                                                   |                                                                                                   |
     6e-06 |                                                   AAAAAAAAAAA                                     |                                                                                                   |
     5e-06 |                                               AAAA           AAAA                                 |                                      AAAAAAAA                                                     |
     4e-06 |                                             AA                   AAA                              |                                AAAAAA        AAAAA                                                |
     3e-06 |                                           AA                        AAA                           |                            AAAA                   AAA                                             |
     2e-06 |                                          A                             AAA                        |                        AAAA                          AA                                           |
     1e-06 |                                        AA                                 AAA                     |                     AAA                                AAA                                        |
         0 A---------------------------------------A--------------------------------------AAA------------------+------------------AAA--------------------------------------A---------------------------------------A
    -1e-06 A                                      A                                          AAA               |              AAAA                                          AA                                     A
    -2e-06 A                                     A                                              AAAA           |          AAAA                                                AA                                  A|
    -3e-06 |A                                  AA                                                   AAAAAA     |    AAAAAA                                                      A                                 A|
    -4e-06 |A                                 A                                                           AAAAAAAAAA                                                             AA                              A |
    -5e-06 |A                                A                                                                 |                                                                   A                             A |
    -6e-06 |A                               A                                                                  |                                                                    AA                          A  |
    -7e-06 | A                             A                                                                   |                                                                      A                         A  |
    -8e-06 | A                            A                                                                    |                                                                       A                       A   |
    -9e-06 | A                            A                                                                    |                                                                        AA                    A    |
    -1e-05 | A                           A                                                                     |                                                                          AA                 A     |
  -1.1e-05 |  A                         A                                                                      |                                                                            A               A      |
  -1.2e-05 |  A                        A                                                                       |                                                                             AA            A       |
  -1.3e-05 |   A                      A                                                                        |                                                                               AA         A        |
  -1.4e-05 |   A                     A                                                                         |                                                                                 AAAAAAAAA         |
  -1.5e-05 |   A                    A                                                                          |                                                                                                   |
  -1.6e-05 |    A                  A                                                                           |                                                                                                   |
  -1.7e-05 |    A                 A                                                                            |                                                                                                   |
  -1.8e-05 |     A               A                                                                             |                                                                                                   |
  -1.9e-05 |     A              A                                                                              |                                                                                                   |
    -2e-05 |      A            A                                                                               |                                                                                                   |
  -2.1e-05 |       A          A                                                                                |                                                                                                   |
  -2.2e-05 |        A        A                                                                                 |                                                                                                   |
  -2.3e-05 |         AA   AAA                                                                                  |                                                                                                   |
  -2.4e-05 |           AAA                                                                                     |                                                                                                   |
  -2.5e-05 |                                                                                                   |                                                                                                   |
  -2.6e-05 |                                                                                                   |                                                                                                   |
  -2.7e-05 |                                                                                                   |                                                                                                   |
  -2.8e-05 |                                                                                                   |                                                                                                   |
  -2.9e-05 |                                                                                                   |                                                                                                   |
    -3e-05 +---------------------------------------------------------------------------------------------------+---------------------------------------------------------------------------------------------------+
             1                                                                                                 1.5                                                                                                   2
ta113003@sol.cc:/class/mce/NumAnalysis[1157] 
