ta113003@sol.cc:/class/mce/NumAnalysis[1147] ./xmp08a -m6 < sample_11.dat 
 6
 1.100000000000e+01 1.650000000000e+01 2.585000000000e+01 4.207500000000e+01 7.073330000000e+01 1.221247500000e+02   4.205352957800e+00
 1.650000000000e+01 2.585000000000e+01 4.207500000000e+01 7.073330000000e+01 1.221247500000e+02 2.154774050000e+02   7.061865978570e+00
 2.585000000000e+01 4.207500000000e+01 7.073330000000e+01 1.221247500000e+02 2.154774050000e+02 3.869206275000e+02   1.212388102560e+01
 4.207500000000e+01 7.073330000000e+01 1.221247500000e+02 2.154774050000e+02 3.869206275000e+02 7.047299933300e+02   2.121778488844e+01
 7.073330000000e+01 1.221247500000e+02 2.154774050000e+02 3.869206275000e+02 7.047299933300e+02 1.298580974955e+03   3.774968725788e+01
 1.221247500000e+02 2.154774050000e+02 3.869206275000e+02 7.047299933300e+02 1.298580974955e+03 2.415865733892e+03   6.811272541610e+01
ta113003@sol.cc:/class/mce/NumAnalysis[1148] ./xmp08a -m6 < sample_11.dat | ./xmp07b -p10
Inputs:
  A:     1            2            3            4            5            6               B:
 1:  1.10000e+01  1.65000e+01  2.58500e+01  4.20750e+01  7.07333e+01  1.22125e+02      4.20535e+00
 2:  1.65000e+01  2.58500e+01  4.20750e+01  7.07333e+01  1.22125e+02  2.15477e+02      7.06187e+00
 3:  2.58500e+01  4.20750e+01  7.07333e+01  1.22125e+02  2.15477e+02  3.86921e+02      1.21239e+01
 4:  4.20750e+01  7.07333e+01  1.22125e+02  2.15477e+02  3.86921e+02  7.04730e+02      2.12178e+01
 5:  7.07333e+01  1.22125e+02  2.15477e+02  3.86921e+02  7.04730e+02  1.29858e+03      3.77497e+01
 6:  1.22125e+02  2.15477e+02  3.86921e+02  7.04730e+02  1.29858e+03  2.41587e+03      6.81127e+01

Results:
          X                  Inverse A
X1= -1.936675327e+00       1.771722651e+06 -6.232975772e+06  8.634859105e+06 -5.890835712e+06  1.980215820e+06 -2.625695684e+05
X2=  3.513443504e+00      -6.232975767e+06  2.195534262e+07 -3.045363835e+07  2.080109536e+07 -7.000474694e+06  9.292688085e+05
X3= -2.438772375e+00       8.634859092e+06 -3.045363833e+07  4.229365532e+07 -2.892337900e+07  9.745415727e+06 -1.295099071e+06
X4=  1.115038420e+00      -5.890835699e+06  2.080109533e+07 -2.892337898e+07  1.980354082e+07 -6.680372561e+06  8.887738387e+05
X5= -2.834199658e-01       1.980215814e+06 -7.000474679e+06  9.745415712e+06 -6.680372556e+06  2.256080797e+06 -3.004870224e+05
X6=  3.038874229e-02      -2.625695674e+05  9.292688057e+05 -1.295099068e+06  8.887738375e+05 -3.004870222e+05  4.006493626e+04
ta113003@sol.cc:/class/mce/NumAnalysis[1149] ./table -e'log(x)' -e'poly(x,-1.936675327,3.513443504,-2.438772375,1.11503842,-0.2834199658,0.03038874229)' -e'(b-a)/a' -x1,2,40 -p10
A: f(x) = log(x)
B: f(x) = poly(x,-1.936675327,3.513443504,-2.438772375,1.11503842,-0.2834199658,0.03038874229)
C: f(x) = (b-a)/a
x: from to steps> 1.000000 2.000000 40
               1                  0      2.99849e-06              inf
           1.025      0.02469261259    0.02468292002 -0.0003925289846
            1.05      0.04879016417     0.0487760114 -0.0002900741793
           1.075      0.07232066158    0.07230721007 -0.0001859982149
             1.1       0.0953101798    0.09530029209 -0.0001037425032
           1.125       0.1177830357     0.1177779078 -4.353655778e-05
            1.15       0.1397619424     0.1397616173 -2.325597818e-06
           1.175       0.1612681476     0.1612719264  2.343182984e-05
             1.2       0.1823215568     0.1823283217  3.710421487e-05
           1.225        0.202940844     0.2029493066  4.170000001e-05
            1.25       0.2231435513     0.2231524369  3.982022957e-05
           1.275       0.2429461786     0.2429543563  3.366036914e-05
             1.3       0.2623642645     0.2623708318  2.503127456e-05
           1.325       0.2814124594     0.2814167898  1.538789575e-05
            1.35       0.3001045925     0.3001063513  5.860930323e-06
           1.375       0.3184537311     0.3184528679 -2.710718806e-06
             1.4       0.3364722366     0.3364689568 -9.747683066e-06
           1.425       0.3541718137     0.3541665371 -1.489853603e-05
            1.45       0.3715635564     0.3715568649 -1.800908164e-05
           1.475       0.3886579898     0.3886505693 -1.909260446e-05
             1.5       0.4054651081     0.4054576877 -1.830109627e-05
           1.525       0.4219944101     0.4219877014 -1.589743828e-05
            1.55       0.4382549309     0.4382495717 -1.222850106e-05
           1.575       0.4542552723     0.4542517749 -7.699115753e-06
             1.6       0.4700036292     0.4700023382 -2.746867779e-06
           1.625       0.4855078158     0.4855088753  2.182336394e-06
            1.65       0.5007752879     0.5007786221  6.657976845e-06
           1.675       0.5158131653     0.5158184719  1.028794761e-05
             1.7       0.5306282511     0.5306350118  1.274094653e-05
           1.725       0.5452270505     0.5452345573  1.376826741e-05
            1.75       0.5596157879     0.5596231889   1.32250316e-05
           1.775       0.5738004229     0.5738067869  1.109089351e-05
             1.8       0.5877866649     0.5877910676  7.490251772e-06
           1.825        0.601579987     0.6015816185  2.711995942e-06
            1.85       0.6151856391     0.6151839343 -2.771184234e-06
           1.875       0.6286086594     0.6286034521  -8.28390138e-06
             1.9       0.6418538862     0.6418455873 -1.292956152e-05
           1.925       0.6549259677     0.6549157691 -1.557222176e-05
            1.95       0.6678293726     0.6678194761 -1.481879442e-05
           1.975       0.6805683984     0.6805622722 -9.001578912e-06
               2       0.6931471806     0.6931498415  3.838896167e-06
ta113003@sol.cc:/class/mce/NumAnalysis[1150] ./plot -e'poly(x,-1.936675327,3.513443504,-2.438772375,1.11503842,-0.2834199658,0.03038874229)' -e'log(x)' -x1,2,200 -y0,0.7,70
A: f(x) = poly(x,-1.936675327,3.513443504,-2.438772375,1.11503842,-0.2834199658,0.03038874229)
B: f(x) = log(x)
x: from to steps> 1.000000 2.000000 200
y: from to steps> 0.000000 0.700000 70
             1                                                                                                 1.5                                                                                                   2
       0.7 +---------------------------------------------------------------------------------------------------+---------------------------------------------------------------------------------------------------+
      0.69 |                                                                                                   |                                                                                                AAAA
      0.68 |                                                                                                   |                                                                                            AAAA   |
      0.67 |                                                                                                   |                                                                                        AAAA       |
      0.66 |                                                                                                   |                                                                                     AAA           |
      0.65 |                                                                                                   |                                                                                 AAAA              |
      0.64 |                                                                                                   |                                                                             AAAA                  |
      0.63 |                                                                                                   |                                                                         AAAA                      |
      0.62 |                                                                                                   |                                                                     AAAA                          |
      0.61 |                                                                                                   |                                                                  AAA                              |
       0.6 |                                                                                                   |                                                              AAAA                                 |
      0.59 |                                                                                                   |                                                          AAAA                                     |
      0.58 |                                                                                                   |                                                       AAA                                         |
      0.57 |                                                                                                   |                                                   AAAA                                            |
      0.56 |                                                                                                   |                                                AAA                                                |
      0.55 |                                                                                                   |                                            AAAA                                                   |
      0.54 |                                                                                                   |                                         AAA                                                       |
      0.53 |                                                                                                   |                                      AAA                                                          |
      0.52 |                                                                                                   |                                  AAAA                                                             |
      0.51 |                                                                                                   |                               AAA                                                                 |
       0.5 |                                                                                                   |                            AAA                                                                    |
      0.49 |                                                                                                   |                        AAAA                                                                       |
      0.48 |                                                                                                   |                     AAA                                                                           |
      0.47 |                                                                                                   |                  AAA                                                                              |
      0.46 |                                                                                                   |               AAA                                                                                 |
      0.45 |                                                                                                   |            AAA                                                                                    |
      0.44 |                                                                                                   |        AAAA                                                                                       |
      0.43 |                                                                                                   |     AAA                                                                                           |
      0.42 |                                                                                                   |  AAA                                                                                              |
      0.41 |                                                                                                   AAA                                                                                                 |
       0.4 |                                                                                                AAA|                                                                                                   |
      0.39 |                                                                                             AAA   |                                                                                                   |
      0.38 |                                                                                          BAA      |                                                                                                   |
      0.37 |                                                                                        AAA        |                                                                                                   |
      0.36 |                                                                                     AAA           |                                                                                                   |
      0.35 +----------------------------------------------------------------------------------AAA--------------+---------------------------------------------------------------------------------------------------+
      0.34 |                                                                               AAA                 |                                                                                                   |
      0.33 |                                                                            AAA                    |                                                                                                   |
      0.32 |                                                                          AA                       |                                                                                                   |
      0.31 |                                                                       AAA                         |                                                                                                   |
       0.3 |                                                                    AAA                            |                                                                                                   |
      0.29 |                                                                 AAA                               |                                                                                                   |
      0.28 |                                                               AA                                  |                                                                                                   |
      0.27 |                                                            AAA                                    |                                                                                                   |
      0.26 |                                                          AA                                       |                                                                                                   |
      0.25 |                                                       AAA                                         |                                                                                                   |
      0.24 |                                                    AAA                                            |                                                                                                   |
      0.23 |                                                  AA                                               |                                                                                                   |
      0.22 |                                               AAA                                                 |                                                                                                   |
      0.21 |                                             AA                                                    |                                                                                                   |
       0.2 |                                           AA                                                      |                                                                                                   |
      0.19 |                                        AAA                                                        |                                                                                                   |
      0.18 |                                      AA                                                           |                                                                                                   |
      0.17 |                                   AAA                                                             |                                                                                                   |
      0.16 |                                 AA                                                                |                                                                                                   |
      0.15 |                               AA                                                                  |                                                                                                   |
      0.14 |                            AAA                                                                    |                                                                                                   |
      0.13 |                          AA                                                                       |                                                                                                   |
      0.12 |                        AA                                                                         |                                                                                                   |
      0.11 |                      AA                                                                           |                                                                                                   |
       0.1 |                   AAA                                                                             |                                                                                                   |
      0.09 |                 AA                                                                                |                                                                                                   |
      0.08 |               AA                                                                                  |                                                                                                   |
      0.07 |             AA                                                                                    |                                                                                                   |
      0.06 |           AA                                                                                      |                                                                                                   |
      0.05 |         AA                                                                                        |                                                                                                   |
      0.04 |       AA                                                                                          |                                                                                                   |
      0.03 |     AA                                                                                            |                                                                                                   |
      0.02 |   AA                                                                                              |                                                                                                   |
      0.01 | AA                                                                                                |                                                                                                   |
         0 AA--------------------------------------------------------------------------------------------------+---------------------------------------------------------------------------------------------------+
             1                                                                                                 1.5                                                                                                   2
ta113003@sol.cc:/class/mce/NumAnalysis[1151] ./plot -e'poly(x,-1.936675327,3.513443504,-2.438772375,1.11503842,-0.2834199658,0.03038874229)-log(x)' -x1,2,200 -y-2e-5,2e-5,80
A: f(x) = poly(x,-1.936675327,3.513443504,-2.438772375,1.11503842,-0.2834199658,0.03038874229)-log(x)
x: from to steps> 1.000000 2.000000 200
y: from to steps> -0.000020 0.000020 80
             1                                                                                                 1.5                                                                                                   2
     2e-05 +---------------------------------------------------------------------------------------------------+---------------------------------------------------------------------------------------------------+
  1.95e-05 |                                                                                                   |                                                                                                   |
   1.9e-05 |                                                                                                   |                                                                                                   |
  1.85e-05 |                                                                                                   |                                                                                                   |
   1.8e-05 |                                                                                                   |                                                                                                   |
  1.75e-05 |                                                                                                   |                                                                                                   |
   1.7e-05 |                                                                                                   |                                                                                                   |
  1.65e-05 |                                                                                                   |                                                                                                   |
   1.6e-05 |                                                                                                   |                                                                                                   |
  1.55e-05 |                                                                                                   |                                                                                                   |
   1.5e-05 |                                                                                                   |                                                                                                   |
  1.45e-05 |                                                                                                   |                                                                                                   |
   1.4e-05 |                                                                                                   |                                                                                                   |
  1.35e-05 |                                                                                                   |                                                                                                   |
   1.3e-05 |                                                                                                   |                                                                                                   |
  1.25e-05 |                                                                                                   |                                                                                                   |
   1.2e-05 |                                                                                                   |                                                                                                   |
  1.15e-05 |                                                                                                   |                                                                                                   |
   1.1e-05 |                                                                                                   |                                                                                                   |
  1.05e-05 |                                                                                                   |                                                                                                   |
     1e-05 |                                                                                                   |                                                                                                   |
   9.5e-06 |                                                                                                   |                                                                                                   |
     9e-06 |                                              AAAAA                                                |                                                                                                   |
   8.5e-06 |                                            AA     AAA                                             |                                                                                                   |
     8e-06 |                                          AA          AA                                           |                                                                                                   |
   7.5e-06 |                                         A              AA                                         |                                          AAAAAAAAA                                                |
     7e-06 |                                       AA                 A                                        |                                       AAA         AA                                              |
   6.5e-06 |                                      A                    A                                       |                                     AA              AA                                            |
     6e-06 |                                     A                      A                                      |                                    A                  A                                           |
   5.5e-06 |                                     A                       AA                                    |                                  AA                    AA                                         |
     5e-06 |                                    A                          A                                   |                                 A                        A                                        |
   4.5e-06 |                                   A                            A                                  |                                A                          A                                       |
     4e-06 |                                  A                              A                                 |                              AA                            A                                      |
   3.5e-06 |                                 A                                A                                |                             A                               A                                     |
     3e-06 A                                 A                                 A                               |                            A                                 A                                    |
   2.5e-06 A                                A                                   A                              |                           A                                  A                                    A
     2e-06 A                                A                                    A                             |                          A                                    A                                   A
   1.5e-06 A                               A                                      A                            |                         A                                      A                                  A
     1e-06 |A                             A                                       A                            |                        A                                        A                                A|
     5e-07 |A                             A                                        A                           |                       A                                          A                               A|
         0 +A----------------------------A------------------------------------------A--------------------------+----------------------A-------------------------------------------A-------------------------------A+
    -5e-07 |A                            A                                           A                         |                     A                                             A                              A|
    -1e-06 |A                           A                                             A                        |                    A                                               A                            A |
  -1.5e-06 |A                           A                                              A                       |                   A                                                 A                           A |
    -2e-06 |A                          A                                                A                      |                 AA                                                   A                          A |
  -2.5e-06 | A                        A                                                  A                     |                A                                                     A                          A |
    -3e-06 | A                        A                                                   A                    |               A                                                       A                        A  |
  -3.5e-06 | A                       A                                                     AA                  |              A                                                         A                       A  |
    -4e-06 | A                       A                                                       A                 |             A                                                          A                       A  |
  -4.5e-06 | A                      A                                                         A                |           AA                                                            A                     A   |
    -5e-06 |  A                     A                                                          A               |          A                                                               A                    A   |
  -5.5e-06 |  A                     A                                                           AA             |        AA                                                                 A                   A   |
    -6e-06 |  A                    A                                                              AA           |      AA                                                                   A                  A    |
  -6.5e-06 |  A                    A                                                                AA         |    AA                                                                      A                 A    |
    -7e-06 |   A                  A                                                                   AAA      | AAA                                                                         A               A     |
  -7.5e-06 |   A                  A                                                                      AAAAAAAA                                                                             A              A     |
    -8e-06 |   A                 A                                                                             |                                                                               A            A      |
  -8.5e-06 |   A                A                                                                              |                                                                               A           A       |
    -9e-06 |   A                A                                                                              |                                                                                A          A       |
  -9.5e-06 |    A               A                                                                              |                                                                                 AA       A        |
    -1e-05 |    A              A                                                                               |                                                                                   AA   AA         |
 -1.05e-05 |    A             A                                                                                |                                                                                     AAA           |
  -1.1e-05 |     A            A                                                                                |                                                                                                   |
 -1.15e-05 |     A           A                                                                                 |                                                                                                   |
  -1.2e-05 |      A         A                                                                                  |                                                                                                   |
 -1.25e-05 |      A         A                                                                                  |                                                                                                   |
  -1.3e-05 |       A       A                                                                                   |                                                                                                   |
 -1.35e-05 |       A      A                                                                                    |                                                                                                   |
  -1.4e-05 |        AA  AA                                                                                     |                                                                                                   |
 -1.45e-05 |          AA                                                                                       |                                                                                                   |
  -1.5e-05 |                                                                                                   |                                                                                                   |
 -1.55e-05 |                                                                                                   |                                                                                                   |
  -1.6e-05 |                                                                                                   |                                                                                                   |
 -1.65e-05 |                                                                                                   |                                                                                                   |
  -1.7e-05 |                                                                                                   |                                                                                                   |
 -1.75e-05 |                                                                                                   |                                                                                                   |
  -1.8e-05 |                                                                                                   |                                                                                                   |
 -1.85e-05 |                                                                                                   |                                                                                                   |
  -1.9e-05 |                                                                                                   |                                                                                                   |
 -1.95e-05 |                                                                                                   |                                                                                                   |
    -2e-05 +---------------------------------------------------------------------------------------------------+---------------------------------------------------------------------------------------------------+
             1                                                                                                 1.5                                                                                                   2
ta113003@sol.cc:/class/mce/NumAnalysis[1152] 
